Monday, November 12th – Monday, January 14th
10:00a - 5:00p
Thursday, December 27th, 10:00p - 11:00p
Saturday, December 1st – Sunday, December 30th
5:30p - 12:00a
Saturday, October 13th – Sunday, January 20th
10:00a - 5:00p
Friday, November 23rd – Monday, December 31st
4:00p - 2:00a
Thursday, December 27th, 7:00p - 8:30p
Thursday, December 27th, 8:00p - 12:00a
Friday, December 28th, 7:00p - 10:00pWeekly on Sundays, Thursdays, Fridays, and Saturdays
Thursday, December 27th, 8:30a - 5:00pFriday, December 28th, 8:30a - 5:00pSaturday, December 29th, 8:30a - 5:00pSunday, December 30th, 8:30a - 5:00p
Friday, June 29th – Sunday, March 3rd
9:00a - 5:00p
Thursday, November 22nd – Saturday, December 29th
5:00p - 9:00p
Friday, November 30th – Thursday, January 3rd
5:30p - 9:00p
Friday, November 23rd – Sunday, January 13th
6:00p - 10:00p